/home/rithwik/ros2_ws/bittle_ros2/install/bittle_ros2/lib/python3.10/site-packages/bittle_ros2/bittle_driver.py
/home/rithwik/ros2_ws/bittle_ros2/install/bittle_ros2/lib/python3.10/site-packages/bittle_ros2/image_save_subscriber.py
/home/rithwik/ros2_ws/bittle_ros2/install/bittle_ros2/lib/python3.10/site-packages/bittle_ros2/object_detection_driver.py
/home/rithwik/ros2_ws/bittle_ros2/install/bittle_ros2/lib/python3.10/site-packages/bittle_ros2/object_detection_subscriber.py
/home/rithwik/ros2_ws/bittle_ros2/install/bittle_ros2/lib/python3.10/site-packages/bittle_ros2/latency_test.py
/home/rithwik/ros2_ws/bittle_ros2/install/bittle_ros2/lib/python3.10/site-packages/bittle_ros2/joystick_driver.py
/home/rithwik/ros2_ws/bittle_ros2/install/bittle_ros2/lib/python3.10/site-packages/bittle_ros2/video_subscriber.py
/home/rithwik/ros2_ws/bittle_ros2/install/bittle_ros2/lib/python3.10/site-packages/bittle_ros2/__init__.py
/home/rithwik/ros2_ws/bittle_ros2/install/bittle_ros2/lib/python3.10/site-packages/bittle_ros2/__pycache__/bittle_driver.cpython-310.pyc
/home/rithwik/ros2_ws/bittle_ros2/install/bittle_ros2/lib/python3.10/site-packages/bittle_ros2/__pycache__/image_save_subscriber.cpython-310.pyc
/home/rithwik/ros2_ws/bittle_ros2/install/bittle_ros2/lib/python3.10/site-packages/bittle_ros2/__pycache__/object_detection_driver.cpython-310.pyc
/home/rithwik/ros2_ws/bittle_ros2/install/bittle_ros2/lib/python3.10/site-packages/bittle_ros2/__pycache__/object_detection_subscriber.cpython-310.pyc
/home/rithwik/ros2_ws/bittle_ros2/install/bittle_ros2/lib/python3.10/site-packages/bittle_ros2/__pycache__/latency_test.cpython-310.pyc
/home/rithwik/ros2_ws/bittle_ros2/install/bittle_ros2/lib/python3.10/site-packages/bittle_ros2/__pycache__/joystick_driver.cpython-310.pyc
/home/rithwik/ros2_ws/bittle_ros2/install/bittle_ros2/lib/python3.10/site-packages/bittle_ros2/__pycache__/video_subscriber.cpython-310.pyc
/home/rithwik/ros2_ws/bittle_ros2/install/bittle_ros2/lib/python3.10/site-packages/bittle_ros2/__pycache__/__init__.cpython-310.pyc
/home/rithwik/ros2_ws/bittle_ros2/install/bittle_ros2/share/ament_index/resource_index/packages/bittle_ros2
/home/rithwik/ros2_ws/bittle_ros2/install/bittle_ros2/share/bittle_ros2/package.xml
/home/rithwik/ros2_ws/bittle_ros2/install/bittle_ros2/share/bittle_ros2/server_object_detection_launch.py
/home/rithwik/ros2_ws/bittle_ros2/install/bittle_ros2/share/bittle_ros2/bittle_teleop_robot_launch.py
/home/rithwik/ros2_ws/bittle_ros2/install/bittle_ros2/share/bittle_ros2/bittle_teleop_server_launch.py
/home/rithwik/ros2_ws/bittle_ros2/install/bittle_ros2/share/bittle_ros2/server_joystick_launch.py
/home/rithwik/ros2_ws/bittle_ros2/install/bittle_ros2/share/bittle_ros2/server_save_photos_launch.py
/home/rithwik/ros2_ws/bittle_ros2/install/bittle_ros2/share/bittle_ros2/robot_object_detection_launch.py
/home/rithwik/ros2_ws/bittle_ros2/install/bittle_ros2/share/bittle_ros2/robot_joystic_launch.py
/home/rithwik/ros2_ws/bittle_ros2/install/bittle_ros2/share/bittle_ros2/bittle_driver.py
/home/rithwik/ros2_ws/bittle_ros2/install/bittle_ros2/share/bittle_ros2/image_save_subscriber.py
/home/rithwik/ros2_ws/bittle_ros2/install/bittle_ros2/share/bittle_ros2/object_detection_driver.py
/home/rithwik/ros2_ws/bittle_ros2/install/bittle_ros2/share/bittle_ros2/object_detection_subscriber.py
/home/rithwik/ros2_ws/bittle_ros2/install/bittle_ros2/share/bittle_ros2/latency_test.py
/home/rithwik/ros2_ws/bittle_ros2/install/bittle_ros2/share/bittle_ros2/joystick_driver.py
/home/rithwik/ros2_ws/bittle_ros2/install/bittle_ros2/share/bittle_ros2/video_subscriber.py
/home/rithwik/ros2_ws/bittle_ros2/install/bittle_ros2/share/bittle_ros2/__init__.py
/home/rithwik/ros2_ws/bittle_ros2/install/bittle_ros2/lib/python3.10/site-packages/bittle_ros2-0.0.0-py3.10.egg-info/requires.txt
/home/rithwik/ros2_ws/bittle_ros2/install/bittle_ros2/lib/python3.10/site-packages/bittle_ros2-0.0.0-py3.10.egg-info/top_level.txt
/home/rithwik/ros2_ws/bittle_ros2/install/bittle_ros2/lib/python3.10/site-packages/bittle_ros2-0.0.0-py3.10.egg-info/dependency_links.txt
/home/rithwik/ros2_ws/bittle_ros2/install/bittle_ros2/lib/python3.10/site-packages/bittle_ros2-0.0.0-py3.10.egg-info/entry_points.txt
/home/rithwik/ros2_ws/bittle_ros2/install/bittle_ros2/lib/python3.10/site-packages/bittle_ros2-0.0.0-py3.10.egg-info/PKG-INFO
/home/rithwik/ros2_ws/bittle_ros2/install/bittle_ros2/lib/python3.10/site-packages/bittle_ros2-0.0.0-py3.10.egg-info/zip-safe
/home/rithwik/ros2_ws/bittle_ros2/install/bittle_ros2/lib/python3.10/site-packages/bittle_ros2-0.0.0-py3.10.egg-info/SOURCES.txt
/home/rithwik/ros2_ws/bittle_ros2/install/bittle_ros2/lib/bittle_ros2/bittle_driver
/home/rithwik/ros2_ws/bittle_ros2/install/bittle_ros2/lib/bittle_ros2/image_save_subscriber
/home/rithwik/ros2_ws/bittle_ros2/install/bittle_ros2/lib/bittle_ros2/joystick_driver
/home/rithwik/ros2_ws/bittle_ros2/install/bittle_ros2/lib/bittle_ros2/latency_test
/home/rithwik/ros2_ws/bittle_ros2/install/bittle_ros2/lib/bittle_ros2/object_detection_driver
/home/rithwik/ros2_ws/bittle_ros2/install/bittle_ros2/lib/bittle_ros2/object_detection_subscriber
/home/rithwik/ros2_ws/bittle_ros2/install/bittle_ros2/lib/bittle_ros2/video_subscriber
