running egg_info
creating build/bittle_ros2/bittle_ros2.egg-info
writing build/bittle_ros2/bittle_ros2.egg-info/PKG-INFO
writing dependency_links to build/bittle_ros2/bittle_ros2.egg-info/dependency_links.txt
writing entry points to build/bittle_ros2/bittle_ros2.egg-info/entry_points.txt
writing requirements to build/bittle_ros2/bittle_ros2.egg-info/requires.txt
writing top-level names to build/bittle_ros2/bittle_ros2.egg-info/top_level.txt
writing manifest file 'build/bittle_ros2/bittle_ros2.egg-info/SOURCES.txt'
reading manifest file 'build/bittle_ros2/bittle_ros2.egg-info/SOURCES.txt'
adding license file 'LICENSE'
writing manifest file 'build/bittle_ros2/bittle_ros2.egg-info/SOURCES.txt'
running build
running build_py
creating /home/rithwik/ros2_ws/bittle_ros2/build/bittle_ros2/build
creating /home/rithwik/ros2_ws/bittle_ros2/build/bittle_ros2/build/lib
creating /home/rithwik/ros2_ws/bittle_ros2/build/bittle_ros2/build/lib/bittle_ros2
copying bittle_ros2/bittle_driver.py -> /home/rithwik/ros2_ws/bittle_ros2/build/bittle_ros2/build/lib/bittle_ros2
copying bittle_ros2/image_save_subscriber.py -> /home/rithwik/ros2_ws/bittle_ros2/build/bittle_ros2/build/lib/bittle_ros2
copying bittle_ros2/object_detection_driver.py -> /home/rithwik/ros2_ws/bittle_ros2/build/bittle_ros2/build/lib/bittle_ros2
copying bittle_ros2/object_detection_subscriber.py -> /home/rithwik/ros2_ws/bittle_ros2/build/bittle_ros2/build/lib/bittle_ros2
copying bittle_ros2/latency_test.py -> /home/rithwik/ros2_ws/bittle_ros2/build/bittle_ros2/build/lib/bittle_ros2
copying bittle_ros2/joystick_driver.py -> /home/rithwik/ros2_ws/bittle_ros2/build/bittle_ros2/build/lib/bittle_ros2
copying bittle_ros2/video_subscriber.py -> /home/rithwik/ros2_ws/bittle_ros2/build/bittle_ros2/build/lib/bittle_ros2
copying bittle_ros2/__init__.py -> /home/rithwik/ros2_ws/bittle_ros2/build/bittle_ros2/build/lib/bittle_ros2
running install
running install_lib
creating /home/rithwik/ros2_ws/bittle_ros2/install/bittle_ros2/lib/python3.10/site-packages/bittle_ros2
copying /home/rithwik/ros2_ws/bittle_ros2/build/bittle_ros2/build/lib/bittle_ros2/bittle_driver.py -> /home/rithwik/ros2_ws/bittle_ros2/install/bittle_ros2/lib/python3.10/site-packages/bittle_ros2
copying /home/rithwik/ros2_ws/bittle_ros2/build/bittle_ros2/build/lib/bittle_ros2/image_save_subscriber.py -> /home/rithwik/ros2_ws/bittle_ros2/install/bittle_ros2/lib/python3.10/site-packages/bittle_ros2
copying /home/rithwik/ros2_ws/bittle_ros2/build/bittle_ros2/build/lib/bittle_ros2/object_detection_driver.py -> /home/rithwik/ros2_ws/bittle_ros2/install/bittle_ros2/lib/python3.10/site-packages/bittle_ros2
copying /home/rithwik/ros2_ws/bittle_ros2/build/bittle_ros2/build/lib/bittle_ros2/object_detection_subscriber.py -> /home/rithwik/ros2_ws/bittle_ros2/install/bittle_ros2/lib/python3.10/site-packages/bittle_ros2
copying /home/rithwik/ros2_ws/bittle_ros2/build/bittle_ros2/build/lib/bittle_ros2/latency_test.py -> /home/rithwik/ros2_ws/bittle_ros2/install/bittle_ros2/lib/python3.10/site-packages/bittle_ros2
copying /home/rithwik/ros2_ws/bittle_ros2/build/bittle_ros2/build/lib/bittle_ros2/joystick_driver.py -> /home/rithwik/ros2_ws/bittle_ros2/install/bittle_ros2/lib/python3.10/site-packages/bittle_ros2
copying /home/rithwik/ros2_ws/bittle_ros2/build/bittle_ros2/build/lib/bittle_ros2/video_subscriber.py -> /home/rithwik/ros2_ws/bittle_ros2/install/bittle_ros2/lib/python3.10/site-packages/bittle_ros2
copying /home/rithwik/ros2_ws/bittle_ros2/build/bittle_ros2/build/lib/bittle_ros2/__init__.py -> /home/rithwik/ros2_ws/bittle_ros2/install/bittle_ros2/lib/python3.10/site-packages/bittle_ros2
byte-compiling /home/rithwik/ros2_ws/bittle_ros2/install/bittle_ros2/lib/python3.10/site-packages/bittle_ros2/bittle_driver.py to bittle_driver.cpython-310.pyc
byte-compiling /home/rithwik/ros2_ws/bittle_ros2/install/bittle_ros2/lib/python3.10/site-packages/bittle_ros2/image_save_subscriber.py to image_save_subscriber.cpython-310.pyc
byte-compiling /home/rithwik/ros2_ws/bittle_ros2/install/bittle_ros2/lib/python3.10/site-packages/bittle_ros2/object_detection_driver.py to object_detection_driver.cpython-310.pyc
byte-compiling /home/rithwik/ros2_ws/bittle_ros2/install/bittle_ros2/lib/python3.10/site-packages/bittle_ros2/object_detection_subscriber.py to object_detection_subscriber.cpython-310.pyc
byte-compiling /home/rithwik/ros2_ws/bittle_ros2/install/bittle_ros2/lib/python3.10/site-packages/bittle_ros2/latency_test.py to latency_test.cpython-310.pyc
byte-compiling /home/rithwik/ros2_ws/bittle_ros2/install/bittle_ros2/lib/python3.10/site-packages/bittle_ros2/joystick_driver.py to joystick_driver.cpython-310.pyc
byte-compiling /home/rithwik/ros2_ws/bittle_ros2/install/bittle_ros2/lib/python3.10/site-packages/bittle_ros2/video_subscriber.py to video_subscriber.cpython-310.pyc
byte-compiling /home/rithwik/ros2_ws/bittle_ros2/install/bittle_ros2/lib/python3.10/site-packages/bittle_ros2/__init__.py to __init__.cpython-310.pyc
running install_data
creating /home/rithwik/ros2_ws/bittle_ros2/install/bittle_ros2/share/ament_index
creating /home/rithwik/ros2_ws/bittle_ros2/install/bittle_ros2/share/ament_index/resource_index
creating /home/rithwik/ros2_ws/bittle_ros2/install/bittle_ros2/share/ament_index/resource_index/packages
copying resource/bittle_ros2 -> /home/rithwik/ros2_ws/bittle_ros2/install/bittle_ros2/share/ament_index/resource_index/packages
copying package.xml -> /home/rithwik/ros2_ws/bittle_ros2/install/bittle_ros2/share/bittle_ros2
copying launch/server_object_detection_launch.py -> /home/rithwik/ros2_ws/bittle_ros2/install/bittle_ros2/share/bittle_ros2
copying launch/bittle_teleop_robot_launch.py -> /home/rithwik/ros2_ws/bittle_ros2/install/bittle_ros2/share/bittle_ros2
copying launch/bittle_teleop_server_launch.py -> /home/rithwik/ros2_ws/bittle_ros2/install/bittle_ros2/share/bittle_ros2
copying launch/server_joystick_launch.py -> /home/rithwik/ros2_ws/bittle_ros2/install/bittle_ros2/share/bittle_ros2
copying launch/server_save_photos_launch.py -> /home/rithwik/ros2_ws/bittle_ros2/install/bittle_ros2/share/bittle_ros2
copying launch/robot_object_detection_launch.py -> /home/rithwik/ros2_ws/bittle_ros2/install/bittle_ros2/share/bittle_ros2
copying launch/robot_joystic_launch.py -> /home/rithwik/ros2_ws/bittle_ros2/install/bittle_ros2/share/bittle_ros2
copying bittle_ros2/bittle_driver.py -> /home/rithwik/ros2_ws/bittle_ros2/install/bittle_ros2/share/bittle_ros2
copying bittle_ros2/image_save_subscriber.py -> /home/rithwik/ros2_ws/bittle_ros2/install/bittle_ros2/share/bittle_ros2
copying bittle_ros2/object_detection_driver.py -> /home/rithwik/ros2_ws/bittle_ros2/install/bittle_ros2/share/bittle_ros2
copying bittle_ros2/object_detection_subscriber.py -> /home/rithwik/ros2_ws/bittle_ros2/install/bittle_ros2/share/bittle_ros2
copying bittle_ros2/latency_test.py -> /home/rithwik/ros2_ws/bittle_ros2/install/bittle_ros2/share/bittle_ros2
copying bittle_ros2/joystick_driver.py -> /home/rithwik/ros2_ws/bittle_ros2/install/bittle_ros2/share/bittle_ros2
copying bittle_ros2/video_subscriber.py -> /home/rithwik/ros2_ws/bittle_ros2/install/bittle_ros2/share/bittle_ros2
copying bittle_ros2/__init__.py -> /home/rithwik/ros2_ws/bittle_ros2/install/bittle_ros2/share/bittle_ros2
running install_egg_info
Copying build/bittle_ros2/bittle_ros2.egg-info to /home/rithwik/ros2_ws/bittle_ros2/install/bittle_ros2/lib/python3.10/site-packages/bittle_ros2-0.0.0-py3.10.egg-info
running install_scripts
Installing bittle_driver script to /home/rithwik/ros2_ws/bittle_ros2/install/bittle_ros2/lib/bittle_ros2
Installing image_save_subscriber script to /home/rithwik/ros2_ws/bittle_ros2/install/bittle_ros2/lib/bittle_ros2
Installing joystick_driver script to /home/rithwik/ros2_ws/bittle_ros2/install/bittle_ros2/lib/bittle_ros2
Installing latency_test script to /home/rithwik/ros2_ws/bittle_ros2/install/bittle_ros2/lib/bittle_ros2
Installing object_detection_driver script to /home/rithwik/ros2_ws/bittle_ros2/install/bittle_ros2/lib/bittle_ros2
Installing object_detection_subscriber script to /home/rithwik/ros2_ws/bittle_ros2/install/bittle_ros2/lib/bittle_ros2
Installing video_subscriber script to /home/rithwik/ros2_ws/bittle_ros2/install/bittle_ros2/lib/bittle_ros2
writing list of installed files to '/home/rithwik/ros2_ws/bittle_ros2/build/bittle_ros2/install.log'
