[0.726s] Invoking command in '/home/rithwik/ros2_ws/bittle_ros2': PYTHONPATH=/home/rithwik/ros2_ws/bittle_ros2/build/bittle_ros2/prefix_override:/home/rithwik/ros2_ws/bittle_ros2/install/bittle_ros2/lib/python3.10/site-packages:${PYTHONPATH} /usr/bin/python3 setup.py egg_info --egg-base build/bittle_ros2 build --build-base /home/rithwik/ros2_ws/bittle_ros2/build/bittle_ros2/build install --record /home/rithwik/ros2_ws/bittle_ros2/build/bittle_ros2/install.log --single-version-externally-managed
[0.959s] running egg_info
[0.960s] creating build/bittle_ros2/bittle_ros2.egg-info
[0.960s] writing build/bittle_ros2/bittle_ros2.egg-info/PKG-INFO
[0.960s] writing dependency_links to build/bittle_ros2/bittle_ros2.egg-info/dependency_links.txt
[0.960s] writing entry points to build/bittle_ros2/bittle_ros2.egg-info/entry_points.txt
[0.960s] writing requirements to build/bittle_ros2/bittle_ros2.egg-info/requires.txt
[0.961s] writing top-level names to build/bittle_ros2/bittle_ros2.egg-info/top_level.txt
[0.961s] writing manifest file 'build/bittle_ros2/bittle_ros2.egg-info/SOURCES.txt'
[0.962s] reading manifest file 'build/bittle_ros2/bittle_ros2.egg-info/SOURCES.txt'
[0.962s] adding license file 'LICENSE'
[0.963s] writing manifest file 'build/bittle_ros2/bittle_ros2.egg-info/SOURCES.txt'
[0.963s] running build
[0.963s] running build_py
[0.963s] creating /home/rithwik/ros2_ws/bittle_ros2/build/bittle_ros2/build
[0.964s] creating /home/rithwik/ros2_ws/bittle_ros2/build/bittle_ros2/build/lib
[0.964s] creating /home/rithwik/ros2_ws/bittle_ros2/build/bittle_ros2/build/lib/bittle_ros2
[0.964s] copying bittle_ros2/bittle_driver.py -> /home/rithwik/ros2_ws/bittle_ros2/build/bittle_ros2/build/lib/bittle_ros2
[0.964s] copying bittle_ros2/image_save_subscriber.py -> /home/rithwik/ros2_ws/bittle_ros2/build/bittle_ros2/build/lib/bittle_ros2
[0.964s] copying bittle_ros2/object_detection_driver.py -> /home/rithwik/ros2_ws/bittle_ros2/build/bittle_ros2/build/lib/bittle_ros2
[0.964s] copying bittle_ros2/object_detection_subscriber.py -> /home/rithwik/ros2_ws/bittle_ros2/build/bittle_ros2/build/lib/bittle_ros2
[0.964s] copying bittle_ros2/latency_test.py -> /home/rithwik/ros2_ws/bittle_ros2/build/bittle_ros2/build/lib/bittle_ros2
[0.964s] copying bittle_ros2/joystick_driver.py -> /home/rithwik/ros2_ws/bittle_ros2/build/bittle_ros2/build/lib/bittle_ros2
[0.964s] copying bittle_ros2/video_subscriber.py -> /home/rithwik/ros2_ws/bittle_ros2/build/bittle_ros2/build/lib/bittle_ros2
[0.964s] copying bittle_ros2/__init__.py -> /home/rithwik/ros2_ws/bittle_ros2/build/bittle_ros2/build/lib/bittle_ros2
[0.964s] running install
[0.968s] /usr/lib/python3/dist-packages/setuptools/command/install.py:34: SetuptoolsDeprecationWarning: setup.py install is deprecated. Use build and pip and other standards-based tools.
[0.968s]   warnings.warn(
[0.968s] running install_lib
[0.969s] creating /home/rithwik/ros2_ws/bittle_ros2/install/bittle_ros2/lib/python3.10/site-packages/bittle_ros2
[0.969s] copying /home/rithwik/ros2_ws/bittle_ros2/build/bittle_ros2/build/lib/bittle_ros2/bittle_driver.py -> /home/rithwik/ros2_ws/bittle_ros2/install/bittle_ros2/lib/python3.10/site-packages/bittle_ros2
[0.970s] copying /home/rithwik/ros2_ws/bittle_ros2/build/bittle_ros2/build/lib/bittle_ros2/image_save_subscriber.py -> /home/rithwik/ros2_ws/bittle_ros2/install/bittle_ros2/lib/python3.10/site-packages/bittle_ros2
[0.970s] copying /home/rithwik/ros2_ws/bittle_ros2/build/bittle_ros2/build/lib/bittle_ros2/object_detection_driver.py -> /home/rithwik/ros2_ws/bittle_ros2/install/bittle_ros2/lib/python3.10/site-packages/bittle_ros2
[0.970s] copying /home/rithwik/ros2_ws/bittle_ros2/build/bittle_ros2/build/lib/bittle_ros2/object_detection_subscriber.py -> /home/rithwik/ros2_ws/bittle_ros2/install/bittle_ros2/lib/python3.10/site-packages/bittle_ros2
[0.970s] copying /home/rithwik/ros2_ws/bittle_ros2/build/bittle_ros2/build/lib/bittle_ros2/latency_test.py -> /home/rithwik/ros2_ws/bittle_ros2/install/bittle_ros2/lib/python3.10/site-packages/bittle_ros2
[0.970s] copying /home/rithwik/ros2_ws/bittle_ros2/build/bittle_ros2/build/lib/bittle_ros2/joystick_driver.py -> /home/rithwik/ros2_ws/bittle_ros2/install/bittle_ros2/lib/python3.10/site-packages/bittle_ros2
[0.970s] copying /home/rithwik/ros2_ws/bittle_ros2/build/bittle_ros2/build/lib/bittle_ros2/video_subscriber.py -> /home/rithwik/ros2_ws/bittle_ros2/install/bittle_ros2/lib/python3.10/site-packages/bittle_ros2
[0.970s] copying /home/rithwik/ros2_ws/bittle_ros2/build/bittle_ros2/build/lib/bittle_ros2/__init__.py -> /home/rithwik/ros2_ws/bittle_ros2/install/bittle_ros2/lib/python3.10/site-packages/bittle_ros2
[0.970s] byte-compiling /home/rithwik/ros2_ws/bittle_ros2/install/bittle_ros2/lib/python3.10/site-packages/bittle_ros2/bittle_driver.py to bittle_driver.cpython-310.pyc
[0.972s] byte-compiling /home/rithwik/ros2_ws/bittle_ros2/install/bittle_ros2/lib/python3.10/site-packages/bittle_ros2/image_save_subscriber.py to image_save_subscriber.cpython-310.pyc
[0.972s] byte-compiling /home/rithwik/ros2_ws/bittle_ros2/install/bittle_ros2/lib/python3.10/site-packages/bittle_ros2/object_detection_driver.py to object_detection_driver.cpython-310.pyc
[0.973s] byte-compiling /home/rithwik/ros2_ws/bittle_ros2/install/bittle_ros2/lib/python3.10/site-packages/bittle_ros2/object_detection_subscriber.py to object_detection_subscriber.cpython-310.pyc
[0.974s] byte-compiling /home/rithwik/ros2_ws/bittle_ros2/install/bittle_ros2/lib/python3.10/site-packages/bittle_ros2/latency_test.py to latency_test.cpython-310.pyc
[0.974s] byte-compiling /home/rithwik/ros2_ws/bittle_ros2/install/bittle_ros2/lib/python3.10/site-packages/bittle_ros2/joystick_driver.py to joystick_driver.cpython-310.pyc
[0.975s] byte-compiling /home/rithwik/ros2_ws/bittle_ros2/install/bittle_ros2/lib/python3.10/site-packages/bittle_ros2/video_subscriber.py to video_subscriber.cpython-310.pyc
[0.976s] byte-compiling /home/rithwik/ros2_ws/bittle_ros2/install/bittle_ros2/lib/python3.10/site-packages/bittle_ros2/__init__.py to __init__.cpython-310.pyc
[0.976s] running install_data
[0.976s] creating /home/rithwik/ros2_ws/bittle_ros2/install/bittle_ros2/share/ament_index
[0.977s] creating /home/rithwik/ros2_ws/bittle_ros2/install/bittle_ros2/share/ament_index/resource_index
[0.977s] creating /home/rithwik/ros2_ws/bittle_ros2/install/bittle_ros2/share/ament_index/resource_index/packages
[0.977s] copying resource/bittle_ros2 -> /home/rithwik/ros2_ws/bittle_ros2/install/bittle_ros2/share/ament_index/resource_index/packages
[0.977s] copying package.xml -> /home/rithwik/ros2_ws/bittle_ros2/install/bittle_ros2/share/bittle_ros2
[0.977s] copying launch/server_object_detection_launch.py -> /home/rithwik/ros2_ws/bittle_ros2/install/bittle_ros2/share/bittle_ros2
[0.977s] copying launch/bittle_teleop_robot_launch.py -> /home/rithwik/ros2_ws/bittle_ros2/install/bittle_ros2/share/bittle_ros2
[0.977s] copying launch/bittle_teleop_server_launch.py -> /home/rithwik/ros2_ws/bittle_ros2/install/bittle_ros2/share/bittle_ros2
[0.977s] copying launch/server_joystick_launch.py -> /home/rithwik/ros2_ws/bittle_ros2/install/bittle_ros2/share/bittle_ros2
[0.977s] copying launch/server_save_photos_launch.py -> /home/rithwik/ros2_ws/bittle_ros2/install/bittle_ros2/share/bittle_ros2
[0.977s] copying launch/robot_object_detection_launch.py -> /home/rithwik/ros2_ws/bittle_ros2/install/bittle_ros2/share/bittle_ros2
[0.977s] copying launch/robot_joystic_launch.py -> /home/rithwik/ros2_ws/bittle_ros2/install/bittle_ros2/share/bittle_ros2
[0.977s] copying bittle_ros2/bittle_driver.py -> /home/rithwik/ros2_ws/bittle_ros2/install/bittle_ros2/share/bittle_ros2
[0.977s] copying bittle_ros2/image_save_subscriber.py -> /home/rithwik/ros2_ws/bittle_ros2/install/bittle_ros2/share/bittle_ros2
[0.978s] copying bittle_ros2/object_detection_driver.py -> /home/rithwik/ros2_ws/bittle_ros2/install/bittle_ros2/share/bittle_ros2
[0.978s] copying bittle_ros2/object_detection_subscriber.py -> /home/rithwik/ros2_ws/bittle_ros2/install/bittle_ros2/share/bittle_ros2
[0.978s] copying bittle_ros2/latency_test.py -> /home/rithwik/ros2_ws/bittle_ros2/install/bittle_ros2/share/bittle_ros2
[0.978s] copying bittle_ros2/joystick_driver.py -> /home/rithwik/ros2_ws/bittle_ros2/install/bittle_ros2/share/bittle_ros2
[0.978s] copying bittle_ros2/video_subscriber.py -> /home/rithwik/ros2_ws/bittle_ros2/install/bittle_ros2/share/bittle_ros2
[0.978s] copying bittle_ros2/__init__.py -> /home/rithwik/ros2_ws/bittle_ros2/install/bittle_ros2/share/bittle_ros2
[0.978s] running install_egg_info
[0.979s] Copying build/bittle_ros2/bittle_ros2.egg-info to /home/rithwik/ros2_ws/bittle_ros2/install/bittle_ros2/lib/python3.10/site-packages/bittle_ros2-0.0.0-py3.10.egg-info
[0.980s] running install_scripts
[0.999s] Installing bittle_driver script to /home/rithwik/ros2_ws/bittle_ros2/install/bittle_ros2/lib/bittle_ros2
[0.999s] Installing image_save_subscriber script to /home/rithwik/ros2_ws/bittle_ros2/install/bittle_ros2/lib/bittle_ros2
[0.999s] Installing joystick_driver script to /home/rithwik/ros2_ws/bittle_ros2/install/bittle_ros2/lib/bittle_ros2
[0.999s] Installing latency_test script to /home/rithwik/ros2_ws/bittle_ros2/install/bittle_ros2/lib/bittle_ros2
[0.999s] Installing object_detection_driver script to /home/rithwik/ros2_ws/bittle_ros2/install/bittle_ros2/lib/bittle_ros2
[0.999s] Installing object_detection_subscriber script to /home/rithwik/ros2_ws/bittle_ros2/install/bittle_ros2/lib/bittle_ros2
[0.999s] Installing video_subscriber script to /home/rithwik/ros2_ws/bittle_ros2/install/bittle_ros2/lib/bittle_ros2
[1.000s] writing list of installed files to '/home/rithwik/ros2_ws/bittle_ros2/build/bittle_ros2/install.log'
[1.026s] Invoked command in '/home/rithwik/ros2_ws/bittle_ros2' returned '0': PYTHONPATH=/home/rithwik/ros2_ws/bittle_ros2/build/bittle_ros2/prefix_override:/home/rithwik/ros2_ws/bittle_ros2/install/bittle_ros2/lib/python3.10/site-packages:${PYTHONPATH} /usr/bin/python3 setup.py egg_info --egg-base build/bittle_ros2 build --build-base /home/rithwik/ros2_ws/bittle_ros2/build/bittle_ros2/build install --record /home/rithwik/ros2_ws/bittle_ros2/build/bittle_ros2/install.log --single-version-externally-managed
